Determining if the pthread_create exist failed with the following output:
Change Dir: /home/odroid/cv_vision/build/CMakeFiles/CMakeTmp

Run Build Command:"/usr/bin/make" "cmTC_b9ce3/fast"
/usr/bin/make -f CMakeFiles/cmTC_b9ce3.dir/build.make CMakeFiles/cmTC_b9ce3.dir/build
make[1]: Entering directory '/home/odroid/cv_vision/build/CMakeFiles/CMakeTmp'
Building C object CMakeFiles/cmTC_b9ce3.dir/CheckSymbolExists.c.o
/usr/bin/cc     -o CMakeFiles/cmTC_b9ce3.dir/CheckSymbolExists.c.o   -c /home/odroid/cv_vision/build/CMakeFiles/CMakeTmp/CheckSymbolExists.c
Linking C executable cmTC_b9ce3
/usr/bin/cmake -E cmake_link_script CMakeFiles/cmTC_b9ce3.dir/link.txt --verbose=1
/usr/bin/cc       CMakeFiles/cmTC_b9ce3.dir/CheckSymbolExists.c.o  -o cmTC_b9ce3 -rdynamic 
CMakeFiles/cmTC_b9ce3.dir/CheckSymbolExists.c.o: In function `main':
CheckSymbolExists.c:(.text+0xe): undefined reference to `pthread_create'
CheckSymbolExists.c:(.text+0x12): undefined reference to `pthread_create'
collect2: error: ld returned 1 exit status
CMakeFiles/cmTC_b9ce3.dir/build.make:97: recipe for target 'cmTC_b9ce3' failed
make[1]: *** [cmTC_b9ce3] Error 1
make[1]: Leaving directory '/home/odroid/cv_vision/build/CMakeFiles/CMakeTmp'
Makefile:126: recipe for target 'cmTC_b9ce3/fast' failed
make: *** [cmTC_b9ce3/fast] Error 2

File /home/odroid/cv_vision/build/CMakeFiles/CMakeTmp/CheckSymbolExists.c:
/* */
#include <pthread.h>

int main(int argc, char** argv)
{
  (void)argv;
#ifndef pthread_create
  return ((int*)(&pthread_create))[argc];
#else
  (void)argc;
  return 0;
#endif
}

Determining if the function pthread_create exists in the pthreads failed with the following output:
Change Dir: /home/odroid/cv_vision/build/CMakeFiles/CMakeTmp

Run Build Command:"/usr/bin/make" "cmTC_56f6f/fast"
/usr/bin/make -f CMakeFiles/cmTC_56f6f.dir/build.make CMakeFiles/cmTC_56f6f.dir/build
make[1]: Entering directory '/home/odroid/cv_vision/build/CMakeFiles/CMakeTmp'
Building C object CMakeFiles/cmTC_56f6f.dir/CheckFunctionExists.c.o
/usr/bin/cc    -DCHECK_FUNCTION_EXISTS=pthread_create   -o CMakeFiles/cmTC_56f6f.dir/CheckFunctionExists.c.o   -c /usr/share/cmake-3.5/Modules/CheckFunctionExists.c
Linking C executable cmTC_56f6f
/usr/bin/cmake -E cmake_link_script CMakeFiles/cmTC_56f6f.dir/link.txt --verbose=1
/usr/bin/cc   -DCHECK_FUNCTION_EXISTS=pthread_create    CMakeFiles/cmTC_56f6f.dir/CheckFunctionExists.c.o  -o cmTC_56f6f -rdynamic -lpthreads 
/usr/bin/ld: cannot find -lpthreads
collect2: error: ld returned 1 exit status
CMakeFiles/cmTC_56f6f.dir/build.make:97: recipe for target 'cmTC_56f6f' failed
make[1]: *** [cmTC_56f6f] Error 1
make[1]: Leaving directory '/home/odroid/cv_vision/build/CMakeFiles/CMakeTmp'
Makefile:126: recipe for target 'cmTC_56f6f/fast' failed
make: *** [cmTC_56f6f/fast] Error 2


